<?xml version="1.0" encoding="UTF-8"?>
<testng-results ignored="0" total="1" passed="1" failed="0" skipped="0">
  <reporter-output>
  </reporter-output>
  <suite started-at="2024-05-09T10:52:40 IST" name="InetBanking V1" finished-at="2024-05-09T10:52:51 IST" duration-ms="10757">
    <groups>
    </groups>
    <test started-at="2024-05-09T10:52:40 IST" name="BankingApp Test" finished-at="2024-05-09T10:52:51 IST" duration-ms="10757">
      <class name="com.inetbanking.testCases.TC_LoginTest_001">
        <test-method is-config="true" signature="Setup(java.lang.String)[pri:0, instance:com.inetbanking.testCases.TC_LoginTest_001@1ce24091]" started-at="2024-05-09T10:52:40 IST" name="Setup" finished-at="2024-05-09T10:52:49 IST" duration-ms="8518" status="PASS">
          <params>
            <param index="0">
              <value>
                <![CDATA[chrome]]>
              </value>
            </param>
          </params>
          <reporter-output>
          </reporter-output>
        </test-method> <!-- Setup -->
        <test-method signature="loginTest()[pri:0, instance:com.inetbanking.testCases.TC_LoginTest_001@1ce24091]" started-at="2024-05-09T10:52:49 IST" name="loginTest" finished-at="2024-05-09T10:52:51 IST" duration-ms="1541" status="PASS">
          <reporter-output>
          </reporter-output>
        </test-method> <!-- loginTest -->
        <test-method is-config="true" signature="Teardown()[pri:0, instance:com.inetbanking.testCases.TC_LoginTest_001@1ce24091]" started-at="2024-05-09T10:52:51 IST" name="Teardown" finished-at="2024-05-09T10:52:51 IST" duration-ms="285" status="PASS">
          <reporter-output>
          </reporter-output>
        </test-method> <!-- Teardown -->
      </class> <!-- com.inetbanking.testCases.TC_LoginTest_001 -->
    </test> <!-- BankingApp Test -->
  </suite> <!-- InetBanking V1 -->
</testng-results>
